[2022-04-27 18:16:59-Failure]isloggedin: 
****************************************************************************************************
[2022-04-27 18:16:59-Failure]session userid after random: 1553839493
****************************************************************************************************
[2022-04-27 18:16:59-INFO]Startpage have been called
Array
(
    [actuellUserId] => 1553839493
    [productList] => Array
        (
            [0] => Array
                (
                    [id] => 1
                    [0] => 1
                    [title] => Hundefutter crunchy
                    [1] => Hundefutter crunchy
                    [description] => super chrunchy and tasty
                    [2] => super chrunchy and tasty
                    [price] => 499
                    [3] => 499
                    [slug] => Hundefutter-crunchy
                    [4] => Hundefutter-crunchy
                    [product_status] => Live
                    [5] => Live
                )

            [1] => Array
                (
                    [id] => 2
                    [0] => 2
                    [title] => Toiletpaper super soft
                    [1] => Toiletpaper super soft
                    [description] => super soft
                    [2] => super soft
                    [price] => 499
                    [3] => 499
                    [slug] => Toiletpaper-super-soft
                    [4] => Toiletpaper-super-soft
                    [product_status] => Live
                    [5] => Live
                )

            [2] => Array
                (
                    [id] => 3
                    [0] => 3
                    [title] => Ball bunt
                    [1] => Ball bunt
                    [description] => bunt
                    [2] => bunt
                    [price] => 249
                    [3] => 249
                    [slug] => Ball-bunt
                    [4] => Ball-bunt
                    [product_status] => Live
                    [5] => Live
                )

            [3] => Array
                (
                    [id] => 4
                    [0] => 4
                    [title] => Kaffeekanne chrome
                    [1] => Kaffeekanne chrome
                    [description] => stays warm for a long time
                    [2] => stays warm for a long time
                    [price] => 1499
                    [3] => 1499
                    [slug] => Kaffeekanne-chrome
                    [4] => Kaffeekanne-chrome
                    [product_status] => Reserved
                    [5] => Reserved
                )

            [4] => Array
                (
                    [id] => 8
                    [0] => 8
                    [title] => hhhh
                    [1] => hhhh
                    [description] => dfgfdjztktk
                    [2] => dfgfdjztktk
                    [price] => 1999
                    [3] => 1999
                    [slug] => hhh-aaa
                    [4] => hhh-aaa
                    [product_status] => Live
                    [5] => Live
                )

            [5] => Array
                (
                    [id] => 10
                    [0] => 10
                    [title] => testproduct
                    [1] => testproduct
                    [description] => super
                    [2] => super
                    [price] => 499
                    [3] => 499
                    [slug] => test-product
                    [4] => test-product
                    [product_status] => Live
                    [5] => Live
                )

            [6] => Array
                (
                    [id] => 22
                    [0] => 22
                    [title] => Toothpaste extra white
                    [1] => Toothpaste extra white
                    [description] => super
                    [2] => super
                    [price] => 249
                    [3] => 249
                    [slug] => Toothpaste-extra-white
                    [4] => Toothpaste-extra-white
                    [product_status] => Live
                    [5] => Live
                )

        )

)

****************************************************************************************************
[2022-04-27 18:17:08-INFO]Startpage have been called
Array
(
    [actuellUserId] => 1
    [productList] => Array
        (
            [0] => Array
                (
                    [id] => 1
                    [0] => 1
                    [title] => Hundefutter crunchy
                    [1] => Hundefutter crunchy
                    [description] => super chrunchy and tasty
                    [2] => super chrunchy and tasty
                    [price] => 499
                    [3] => 499
                    [slug] => Hundefutter-crunchy
                    [4] => Hundefutter-crunchy
                    [product_status] => Live
                    [5] => Live
                )

            [1] => Array
                (
                    [id] => 2
                    [0] => 2
                    [title] => Toiletpaper super soft
                    [1] => Toiletpaper super soft
                    [description] => super soft
                    [2] => super soft
                    [price] => 499
                    [3] => 499
                    [slug] => Toiletpaper-super-soft
                    [4] => Toiletpaper-super-soft
                    [product_status] => Live
                    [5] => Live
                )

            [2] => Array
                (
                    [id] => 3
                    [0] => 3
                    [title] => Ball bunt
                    [1] => Ball bunt
                    [description] => bunt
                    [2] => bunt
                    [price] => 249
                    [3] => 249
                    [slug] => Ball-bunt
                    [4] => Ball-bunt
                    [product_status] => Live
                    [5] => Live
                )

            [3] => Array
                (
                    [id] => 4
                    [0] => 4
                    [title] => Kaffeekanne chrome
                    [1] => Kaffeekanne chrome
                    [description] => stays warm for a long time
                    [2] => stays warm for a long time
                    [price] => 1499
                    [3] => 1499
                    [slug] => Kaffeekanne-chrome
                    [4] => Kaffeekanne-chrome
                    [product_status] => Reserved
                    [5] => Reserved
                )

            [4] => Array
                (
                    [id] => 8
                    [0] => 8
                    [title] => hhhh
                    [1] => hhhh
                    [description] => dfgfdjztktk
                    [2] => dfgfdjztktk
                    [price] => 1999
                    [3] => 1999
                    [slug] => hhh-aaa
                    [4] => hhh-aaa
                    [product_status] => Live
                    [5] => Live
                )

            [5] => Array
                (
                    [id] => 10
                    [0] => 10
                    [title] => testproduct
                    [1] => testproduct
                    [description] => super
                    [2] => super
                    [price] => 499
                    [3] => 499
                    [slug] => test-product
                    [4] => test-product
                    [product_status] => Live
                    [5] => Live
                )

            [6] => Array
                (
                    [id] => 22
                    [0] => 22
                    [title] => Toothpaste extra white
                    [1] => Toothpaste extra white
                    [description] => super
                    [2] => super
                    [price] => 249
                    [3] => 249
                    [slug] => Toothpaste-extra-white
                    [4] => Toothpaste-extra-white
                    [product_status] => Live
                    [5] => Live
                )

        )

)

****************************************************************************************************
[2022-04-27 18:17:10-Info]isPost: 
****************************************************************************************************
[2022-04-27 18:17:15-Info]isPost: 1
****************************************************************************************************
[2022-04-27 18:17:15-Info]in isPost part
****************************************************************************************************
[2022-04-27 18:17:15-Info]isPost: 
****************************************************************************************************
[2022-04-27 18:18:02-Info]isPost: 1
****************************************************************************************************
[2022-04-27 18:18:02-Info]in isPost part
****************************************************************************************************
[2022-04-27 18:18:02-INFO]Startpage have been called
Array
(
    [actuellUserId] => 1
    [productList] => Array
        (
            [0] => Array
                (
                    [id] => 1
                    [0] => 1
                    [title] => Hundefutter crunchy
                    [1] => Hundefutter crunchy
                    [description] => super chrunchy and tasty
                    [2] => super chrunchy and tasty
                    [price] => 499
                    [3] => 499
                    [slug] => Hundefutter-crunchy
                    [4] => Hundefutter-crunchy
                    [product_status] => Live
                    [5] => Live
                )

            [1] => Array
                (
                    [id] => 2
                    [0] => 2
                    [title] => Toiletpaper super soft
                    [1] => Toiletpaper super soft
                    [description] => super soft
                    [2] => super soft
                    [price] => 499
                    [3] => 499
                    [slug] => Toiletpaper-super-soft
                    [4] => Toiletpaper-super-soft
                    [product_status] => Live
                    [5] => Live
                )

            [2] => Array
                (
                    [id] => 3
                    [0] => 3
                    [title] => Ball bunt
                    [1] => Ball bunt
                    [description] => bunt
                    [2] => bunt
                    [price] => 249
                    [3] => 249
                    [slug] => Ball-bunt
                    [4] => Ball-bunt
                    [product_status] => Live
                    [5] => Live
                )

            [3] => Array
                (
                    [id] => 4
                    [0] => 4
                    [title] => Kaffeekanne chrome
                    [1] => Kaffeekanne chrome
                    [description] => stays warm for a long time
                    [2] => stays warm for a long time
                    [price] => 1499
                    [3] => 1499
                    [slug] => Kaffeekanne-chrome
                    [4] => Kaffeekanne-chrome
                    [product_status] => Reserved
                    [5] => Reserved
                )

            [4] => Array
                (
                    [id] => 8
                    [0] => 8
                    [title] => hhhh
                    [1] => hhhh
                    [description] => dfgfdjztktk
                    [2] => dfgfdjztktk
                    [price] => 1999
                    [3] => 1999
                    [slug] => hhh-aaa
                    [4] => hhh-aaa
                    [product_status] => Live
                    [5] => Live
                )

            [5] => Array
                (
                    [id] => 10
                    [0] => 10
                    [title] => testproduct
                    [1] => testproduct
                    [description] => super
                    [2] => super
                    [price] => 499
                    [3] => 499
                    [slug] => test-product
                    [4] => test-product
                    [product_status] => Live
                    [5] => Live
                )

            [6] => Array
                (
                    [id] => 22
                    [0] => 22
                    [title] => Toothpaste extra white
                    [1] => Toothpaste extra white
                    [description] => super
                    [2] => super
                    [price] => 249
                    [3] => 249
                    [slug] => Toothpaste-extra-white
                    [4] => Toothpaste-extra-white
                    [product_status] => Live
                    [5] => Live
                )

        )

)

****************************************************************************************************
[2022-04-27 18:18:05-Info]isPost: 
****************************************************************************************************
[2022-04-27 18:22:31-Info]isPost: 
****************************************************************************************************
[2022-04-27 18:22:34-Info]isPost: 
****************************************************************************************************
[2022-04-27 18:22:37-INFO]Startpage have been called
Array
(
    [actuellUserId] => 1
    [productList] => Array
        (
            [0] => Array
                (
                    [id] => 1
                    [0] => 1
                    [title] => Hundefutter crunchy
                    [1] => Hundefutter crunchy
                    [description] => super chrunchy and tasty
                    [2] => super chrunchy and tasty
                    [price] => 499
                    [3] => 499
                    [slug] => Hundefutter-crunchy
                    [4] => Hundefutter-crunchy
                    [product_status] => Live
                    [5] => Live
                )

            [1] => Array
                (
                    [id] => 2
                    [0] => 2
                    [title] => Toiletpaper super soft
                    [1] => Toiletpaper super soft
                    [description] => super soft
                    [2] => super soft
                    [price] => 499
                    [3] => 499
                    [slug] => Toiletpaper-super-soft
                    [4] => Toiletpaper-super-soft
                    [product_status] => Live
                    [5] => Live
                )

            [2] => Array
                (
                    [id] => 3
                    [0] => 3
                    [title] => Ball bunt
                    [1] => Ball bunt
                    [description] => bunt
                    [2] => bunt
                    [price] => 249
                    [3] => 249
                    [slug] => Ball-bunt
                    [4] => Ball-bunt
                    [product_status] => Live
                    [5] => Live
                )

            [3] => Array
                (
                    [id] => 4
                    [0] => 4
                    [title] => Kaffeekanne chrome
                    [1] => Kaffeekanne chrome
                    [description] => stays warm for a long time
                    [2] => stays warm for a long time
                    [price] => 1499
                    [3] => 1499
                    [slug] => Kaffeekanne-chrome
                    [4] => Kaffeekanne-chrome
                    [product_status] => Reserved
                    [5] => Reserved
                )

            [4] => Array
                (
                    [id] => 8
                    [0] => 8
                    [title] => hhhh
                    [1] => hhhh
                    [description] => dfgfdjztktk
                    [2] => dfgfdjztktk
                    [price] => 1999
                    [3] => 1999
                    [slug] => hhh-aaa
                    [4] => hhh-aaa
                    [product_status] => Live
                    [5] => Live
                )

            [5] => Array
                (
                    [id] => 10
                    [0] => 10
                    [title] => testproduct
                    [1] => testproduct
                    [description] => super
                    [2] => super
                    [price] => 499
                    [3] => 499
                    [slug] => test-product
                    [4] => test-product
                    [product_status] => Live
                    [5] => Live
                )

            [6] => Array
                (
                    [id] => 22
                    [0] => 22
                    [title] => Toothpaste extra white
                    [1] => Toothpaste extra white
                    [description] => super
                    [2] => super
                    [price] => 249
                    [3] => 249
                    [slug] => Toothpaste-extra-white
                    [4] => Toothpaste-extra-white
                    [product_status] => Live
                    [5] => Live
                )

        )

)

****************************************************************************************************
[2022-04-27 18:22:40-INFO]Startpage have been called
Array
(
    [actuellUserId] => 1
    [productList] => Array
        (
            [0] => Array
                (
                    [id] => 1
                    [0] => 1
                    [title] => Hundefutter crunchy
                    [1] => Hundefutter crunchy
                    [description] => super chrunchy and tasty
                    [2] => super chrunchy and tasty
                    [price] => 499
                    [3] => 499
                    [slug] => Hundefutter-crunchy
                    [4] => Hundefutter-crunchy
                    [product_status] => Live
                    [5] => Live
                )

            [1] => Array
                (
                    [id] => 2
                    [0] => 2
                    [title] => Toiletpaper super soft
                    [1] => Toiletpaper super soft
                    [description] => super soft
                    [2] => super soft
                    [price] => 499
                    [3] => 499
                    [slug] => Toiletpaper-super-soft
                    [4] => Toiletpaper-super-soft
                    [product_status] => Live
                    [5] => Live
                )

            [2] => Array
                (
                    [id] => 3
                    [0] => 3
                    [title] => Ball bunt
                    [1] => Ball bunt
                    [description] => bunt
                    [2] => bunt
                    [price] => 249
                    [3] => 249
                    [slug] => Ball-bunt
                    [4] => Ball-bunt
                    [product_status] => Live
                    [5] => Live
                )

            [3] => Array
                (
                    [id] => 4
                    [0] => 4
                    [title] => Kaffeekanne chrome
                    [1] => Kaffeekanne chrome
                    [description] => stays warm for a long time
                    [2] => stays warm for a long time
                    [price] => 1499
                    [3] => 1499
                    [slug] => Kaffeekanne-chrome
                    [4] => Kaffeekanne-chrome
                    [product_status] => Reserved
                    [5] => Reserved
                )

            [4] => Array
                (
                    [id] => 8
                    [0] => 8
                    [title] => hhhh
                    [1] => hhhh
                    [description] => dfgfdjztktk
                    [2] => dfgfdjztktk
                    [price] => 1999
                    [3] => 1999
                    [slug] => hhh-aaa
                    [4] => hhh-aaa
                    [product_status] => Live
                    [5] => Live
                )

            [5] => Array
                (
                    [id] => 10
                    [0] => 10
                    [title] => testproduct
                    [1] => testproduct
                    [description] => super
                    [2] => super
                    [price] => 499
                    [3] => 499
                    [slug] => test-product
                    [4] => test-product
                    [product_status] => Live
                    [5] => Live
                )

            [6] => Array
                (
                    [id] => 22
                    [0] => 22
                    [title] => Toothpaste extra white
                    [1] => Toothpaste extra white
                    [description] => super
                    [2] => super
                    [price] => 249
                    [3] => 249
                    [slug] => Toothpaste-extra-white
                    [4] => Toothpaste-extra-white
                    [product_status] => Live
                    [5] => Live
                )

        )

)

****************************************************************************************************
[2022-04-27 18:22:41-Info]isPost: 
****************************************************************************************************
[2022-04-27 18:22:54-Info]isPost: 1
****************************************************************************************************
[2022-04-27 18:22:54-Info]in isPost part
****************************************************************************************************
[2022-04-27 18:22:54-Info]before delete function
****************************************************************************************************
[2022-04-27 18:22:54-Info]after delete funtion: complete = 1
****************************************************************************************************
[2022-04-27 18:22:54-Info]isPost: 
****************************************************************************************************
[2022-04-27 18:22:58-Info]isPost: 1
****************************************************************************************************
[2022-04-27 18:22:58-Info]in isPost part
****************************************************************************************************
[2022-04-27 18:22:58-Info]before delete function
****************************************************************************************************
[2022-04-27 18:22:58-Info]after delete funtion: complete = 1
****************************************************************************************************
[2022-04-27 18:22:58-Info]isPost: 
****************************************************************************************************
[2022-04-27 18:23:18-INFO]Startpage have been called
Array
(
    [actuellUserId] => 1
    [productList] => Array
        (
            [0] => Array
                (
                    [id] => 1
                    [0] => 1
                    [title] => Hundefutter crunchy
                    [1] => Hundefutter crunchy
                    [description] => super chrunchy and tasty
                    [2] => super chrunchy and tasty
                    [price] => 499
                    [3] => 499
                    [slug] => Hundefutter-crunchy
                    [4] => Hundefutter-crunchy
                    [product_status] => Live
                    [5] => Live
                )

            [1] => Array
                (
                    [id] => 2
                    [0] => 2
                    [title] => Toiletpaper super soft
                    [1] => Toiletpaper super soft
                    [description] => super soft
                    [2] => super soft
                    [price] => 499
                    [3] => 499
                    [slug] => Toiletpaper-super-soft
                    [4] => Toiletpaper-super-soft
                    [product_status] => Live
                    [5] => Live
                )

            [2] => Array
                (
                    [id] => 3
                    [0] => 3
                    [title] => Ball bunt
                    [1] => Ball bunt
                    [description] => bunt
                    [2] => bunt
                    [price] => 249
                    [3] => 249
                    [slug] => Ball-bunt
                    [4] => Ball-bunt
                    [product_status] => Live
                    [5] => Live
                )

            [3] => Array
                (
                    [id] => 4
                    [0] => 4
                    [title] => Kaffeekanne chrome
                    [1] => Kaffeekanne chrome
                    [description] => stays warm for a long time
                    [2] => stays warm for a long time
                    [price] => 1499
                    [3] => 1499
                    [slug] => Kaffeekanne-chrome
                    [4] => Kaffeekanne-chrome
                    [product_status] => Reserved
                    [5] => Reserved
                )

            [4] => Array
                (
                    [id] => 8
                    [0] => 8
                    [title] => hhhh
                    [1] => hhhh
                    [description] => dfgfdjztktk
                    [2] => dfgfdjztktk
                    [price] => 1999
                    [3] => 1999
                    [slug] => hhh-aaa
                    [4] => hhh-aaa
                    [product_status] => Live
                    [5] => Live
                )

            [5] => Array
                (
                    [id] => 10
                    [0] => 10
                    [title] => testproduct
                    [1] => testproduct
                    [description] => super
                    [2] => super
                    [price] => 499
                    [3] => 499
                    [slug] => test-product
                    [4] => test-product
                    [product_status] => Live
                    [5] => Live
                )

            [6] => Array
                (
                    [id] => 22
                    [0] => 22
                    [title] => Toothpaste extra white
                    [1] => Toothpaste extra white
                    [description] => super
                    [2] => super
                    [price] => 249
                    [3] => 249
                    [slug] => Toothpaste-extra-white
                    [4] => Toothpaste-extra-white
                    [product_status] => Live
                    [5] => Live
                )

        )

)

****************************************************************************************************
[2022-04-27 18:23:25-INFO]Startpage have been called
Array
(
    [actuellUserId] => 1
    [productList] => Array
        (
            [0] => Array
                (
                    [id] => 1
                    [0] => 1
                    [title] => Hundefutter crunchy
                    [1] => Hundefutter crunchy
                    [description] => super chrunchy and tasty
                    [2] => super chrunchy and tasty
                    [price] => 499
                    [3] => 499
                    [slug] => Hundefutter-crunchy
                    [4] => Hundefutter-crunchy
                    [product_status] => Live
                    [5] => Live
                )

            [1] => Array
                (
                    [id] => 2
                    [0] => 2
                    [title] => Toiletpaper super soft
                    [1] => Toiletpaper super soft
                    [description] => super soft
                    [2] => super soft
                    [price] => 499
                    [3] => 499
                    [slug] => Toiletpaper-super-soft
                    [4] => Toiletpaper-super-soft
                    [product_status] => Live
                    [5] => Live
                )

            [2] => Array
                (
                    [id] => 3
                    [0] => 3
                    [title] => Ball bunt
                    [1] => Ball bunt
                    [description] => bunt
                    [2] => bunt
                    [price] => 249
                    [3] => 249
                    [slug] => Ball-bunt
                    [4] => Ball-bunt
                    [product_status] => Live
                    [5] => Live
                )

            [3] => Array
                (
                    [id] => 4
                    [0] => 4
                    [title] => Kaffeekanne chrome
                    [1] => Kaffeekanne chrome
                    [description] => stays warm for a long time
                    [2] => stays warm for a long time
                    [price] => 1499
                    [3] => 1499
                    [slug] => Kaffeekanne-chrome
                    [4] => Kaffeekanne-chrome
                    [product_status] => Reserved
                    [5] => Reserved
                )

            [4] => Array
                (
                    [id] => 8
                    [0] => 8
                    [title] => hhhh
                    [1] => hhhh
                    [description] => dfgfdjztktk
                    [2] => dfgfdjztktk
                    [price] => 1999
                    [3] => 1999
                    [slug] => hhh-aaa
                    [4] => hhh-aaa
                    [product_status] => Live
                    [5] => Live
                )

            [5] => Array
                (
                    [id] => 10
                    [0] => 10
                    [title] => testproduct
                    [1] => testproduct
                    [description] => super
                    [2] => super
                    [price] => 499
                    [3] => 499
                    [slug] => test-product
                    [4] => test-product
                    [product_status] => Live
                    [5] => Live
                )

            [6] => Array
                (
                    [id] => 22
                    [0] => 22
                    [title] => Toothpaste extra white
                    [1] => Toothpaste extra white
                    [description] => super
                    [2] => super
                    [price] => 249
                    [3] => 249
                    [slug] => Toothpaste-extra-white
                    [4] => Toothpaste-extra-white
                    [product_status] => Live
                    [5] => Live
                )

        )

)

****************************************************************************************************
[2022-04-27 18:23:26-Info]isPost: 
****************************************************************************************************
[2022-04-27 18:23:38-Info]isPost: 1
****************************************************************************************************
[2022-04-27 18:23:38-Info]in isPost part
****************************************************************************************************
[2022-04-27 18:23:38-Info]before delete function
****************************************************************************************************
[2022-04-27 18:23:38-Info]after delete funtion: complete = 1
****************************************************************************************************
[2022-04-27 18:23:38-Info]isPost: 
****************************************************************************************************
[2022-04-27 18:38:14-INFO]Startpage have been called
Array
(
    [actuellUserId] => 1
    [productList] => Array
        (
            [0] => Array
                (
                    [id] => 1
                    [0] => 1
                    [title] => Hundefutter crunchy
                    [1] => Hundefutter crunchy
                    [description] => super chrunchy and tasty
                    [2] => super chrunchy and tasty
                    [price] => 499
                    [3] => 499
                    [slug] => Hundefutter-crunchy
                    [4] => Hundefutter-crunchy
                    [product_status] => Live
                    [5] => Live
                )

            [1] => Array
                (
                    [id] => 2
                    [0] => 2
                    [title] => Toiletpaper super soft
                    [1] => Toiletpaper super soft
                    [description] => super soft
                    [2] => super soft
                    [price] => 499
                    [3] => 499
                    [slug] => Toiletpaper-super-soft
                    [4] => Toiletpaper-super-soft
                    [product_status] => Live
                    [5] => Live
                )

            [2] => Array
                (
                    [id] => 3
                    [0] => 3
                    [title] => Ball bunt
                    [1] => Ball bunt
                    [description] => bunt
                    [2] => bunt
                    [price] => 249
                    [3] => 249
                    [slug] => Ball-bunt
                    [4] => Ball-bunt
                    [product_status] => Live
                    [5] => Live
                )

            [3] => Array
                (
                    [id] => 4
                    [0] => 4
                    [title] => Kaffeekanne chrome
                    [1] => Kaffeekanne chrome
                    [description] => stays warm for a long time
                    [2] => stays warm for a long time
                    [price] => 1499
                    [3] => 1499
                    [slug] => Kaffeekanne-chrome
                    [4] => Kaffeekanne-chrome
                    [product_status] => Reserved
                    [5] => Reserved
                )

            [4] => Array
                (
                    [id] => 8
                    [0] => 8
                    [title] => hhhh
                    [1] => hhhh
                    [description] => dfgfdjztktk
                    [2] => dfgfdjztktk
                    [price] => 1999
                    [3] => 1999
                    [slug] => hhh-aaa
                    [4] => hhh-aaa
                    [product_status] => Live
                    [5] => Live
                )

            [5] => Array
                (
                    [id] => 10
                    [0] => 10
                    [title] => testproduct
                    [1] => testproduct
                    [description] => super
                    [2] => super
                    [price] => 499
                    [3] => 499
                    [slug] => test-product
                    [4] => test-product
                    [product_status] => Live
                    [5] => Live
                )

            [6] => Array
                (
                    [id] => 22
                    [0] => 22
                    [title] => Toothpaste extra white
                    [1] => Toothpaste extra white
                    [description] => super
                    [2] => super
                    [price] => 249
                    [3] => 249
                    [slug] => Toothpaste-extra-white
                    [4] => Toothpaste-extra-white
                    [product_status] => Live
                    [5] => Live
                )

        )

)

****************************************************************************************************
[2022-04-27 18:38:17-INFO]Startpage have been called
Array
(
    [actuellUserId] => 1
    [productList] => Array
        (
            [0] => Array
                (
                    [id] => 1
                    [0] => 1
                    [title] => Hundefutter crunchy
                    [1] => Hundefutter crunchy
                    [description] => super chrunchy and tasty
                    [2] => super chrunchy and tasty
                    [price] => 499
                    [3] => 499
                    [slug] => Hundefutter-crunchy
                    [4] => Hundefutter-crunchy
                    [product_status] => Live
                    [5] => Live
                )

            [1] => Array
                (
                    [id] => 2
                    [0] => 2
                    [title] => Toiletpaper super soft
                    [1] => Toiletpaper super soft
                    [description] => super soft
                    [2] => super soft
                    [price] => 499
                    [3] => 499
                    [slug] => Toiletpaper-super-soft
                    [4] => Toiletpaper-super-soft
                    [product_status] => Live
                    [5] => Live
                )

            [2] => Array
                (
                    [id] => 3
                    [0] => 3
                    [title] => Ball bunt
                    [1] => Ball bunt
                    [description] => bunt
                    [2] => bunt
                    [price] => 249
                    [3] => 249
                    [slug] => Ball-bunt
                    [4] => Ball-bunt
                    [product_status] => Live
                    [5] => Live
                )

            [3] => Array
                (
                    [id] => 4
                    [0] => 4
                    [title] => Kaffeekanne chrome
                    [1] => Kaffeekanne chrome
                    [description] => stays warm for a long time
                    [2] => stays warm for a long time
                    [price] => 1499
                    [3] => 1499
                    [slug] => Kaffeekanne-chrome
                    [4] => Kaffeekanne-chrome
                    [product_status] => Reserved
                    [5] => Reserved
                )

            [4] => Array
                (
                    [id] => 8
                    [0] => 8
                    [title] => hhhh
                    [1] => hhhh
                    [description] => dfgfdjztktk
                    [2] => dfgfdjztktk
                    [price] => 1999
                    [3] => 1999
                    [slug] => hhh-aaa
                    [4] => hhh-aaa
                    [product_status] => Live
                    [5] => Live
                )

            [5] => Array
                (
                    [id] => 10
                    [0] => 10
                    [title] => testproduct
                    [1] => testproduct
                    [description] => super
                    [2] => super
                    [price] => 499
                    [3] => 499
                    [slug] => test-product
                    [4] => test-product
                    [product_status] => Live
                    [5] => Live
                )

            [6] => Array
                (
                    [id] => 22
                    [0] => 22
                    [title] => Toothpaste extra white
                    [1] => Toothpaste extra white
                    [description] => super
                    [2] => super
                    [price] => 249
                    [3] => 249
                    [slug] => Toothpaste-extra-white
                    [4] => Toothpaste-extra-white
                    [product_status] => Live
                    [5] => Live
                )

        )

)

****************************************************************************************************
[2022-04-27 18:38:19-Info]isPost: 
****************************************************************************************************
[2022-04-27 18:38:23-Info]isPost: 1
****************************************************************************************************
[2022-04-27 18:38:23-Info]in isPost part
****************************************************************************************************
[2022-04-27 18:38:52-Info]isPost: 1
****************************************************************************************************
[2022-04-27 18:38:52-Info]in isPost part
****************************************************************************************************
[2022-04-27 18:38:52-Info]QuantityChange complete = 1
****************************************************************************************************
[2022-04-27 18:38:52-Info]isPost: 
****************************************************************************************************
[2022-04-27 18:39:04-Info]isPost: 1
****************************************************************************************************
[2022-04-27 18:39:04-Info]in isPost part
****************************************************************************************************
[2022-04-27 18:39:04-Info]QuantityChange complete = 1
****************************************************************************************************
[2022-04-27 18:39:04-Info]isPost: 
****************************************************************************************************
[2022-04-27 18:39:08-INFO]Startpage have been called
Array
(
    [actuellUserId] => 1
    [productList] => Array
        (
            [0] => Array
                (
                    [id] => 1
                    [0] => 1
                    [title] => Hundefutter crunchy
                    [1] => Hundefutter crunchy
                    [description] => super chrunchy and tasty
                    [2] => super chrunchy and tasty
                    [price] => 499
                    [3] => 499
                    [slug] => Hundefutter-crunchy
                    [4] => Hundefutter-crunchy
                    [product_status] => Live
                    [5] => Live
                )

            [1] => Array
                (
                    [id] => 2
                    [0] => 2
                    [title] => Toiletpaper super soft
                    [1] => Toiletpaper super soft
                    [description] => super soft
                    [2] => super soft
                    [price] => 499
                    [3] => 499
                    [slug] => Toiletpaper-super-soft
                    [4] => Toiletpaper-super-soft
                    [product_status] => Live
                    [5] => Live
                )

            [2] => Array
                (
                    [id] => 3
                    [0] => 3
                    [title] => Ball bunt
                    [1] => Ball bunt
                    [description] => bunt
                    [2] => bunt
                    [price] => 249
                    [3] => 249
                    [slug] => Ball-bunt
                    [4] => Ball-bunt
                    [product_status] => Live
                    [5] => Live
                )

            [3] => Array
                (
                    [id] => 4
                    [0] => 4
                    [title] => Kaffeekanne chrome
                    [1] => Kaffeekanne chrome
                    [description] => stays warm for a long time
                    [2] => stays warm for a long time
                    [price] => 1499
                    [3] => 1499
                    [slug] => Kaffeekanne-chrome
                    [4] => Kaffeekanne-chrome
                    [product_status] => Reserved
                    [5] => Reserved
                )

            [4] => Array
                (
                    [id] => 8
                    [0] => 8
                    [title] => hhhh
                    [1] => hhhh
                    [description] => dfgfdjztktk
                    [2] => dfgfdjztktk
                    [price] => 1999
                    [3] => 1999
                    [slug] => hhh-aaa
                    [4] => hhh-aaa
                    [product_status] => Live
                    [5] => Live
                )

            [5] => Array
                (
                    [id] => 10
                    [0] => 10
                    [title] => testproduct
                    [1] => testproduct
                    [description] => super
                    [2] => super
                    [price] => 499
                    [3] => 499
                    [slug] => test-product
                    [4] => test-product
                    [product_status] => Live
                    [5] => Live
                )

            [6] => Array
                (
                    [id] => 22
                    [0] => 22
                    [title] => Toothpaste extra white
                    [1] => Toothpaste extra white
                    [description] => super
                    [2] => super
                    [price] => 249
                    [3] => 249
                    [slug] => Toothpaste-extra-white
                    [4] => Toothpaste-extra-white
                    [product_status] => Live
                    [5] => Live
                )

        )

)

****************************************************************************************************
[2022-04-27 18:39:10-Info]isPost: 
****************************************************************************************************
[2022-04-27 18:45:50-Info]in isPost part
****************************************************************************************************
[2022-04-27 18:45:50-Info]Quantity = 3 and OldQuantity = 1
****************************************************************************************************
[2022-04-27 18:45:50-Info]QuantityChange complete = 1
****************************************************************************************************
[2022-04-27 18:45:53-Info]in isPost part
****************************************************************************************************
[2022-04-27 18:45:53-Info]Quantity = 0 and OldQuantity = 3
****************************************************************************************************
[2022-04-27 18:45:53-Info]QuantityChange complete = 1
****************************************************************************************************
[2022-04-27 18:45:55-Info]in isPost part
****************************************************************************************************
[2022-04-27 18:45:55-Info]Quantity = 0 and OldQuantity = 0
****************************************************************************************************
[2022-04-27 18:45:55-Info]QuantityChange complete = 
****************************************************************************************************
[2022-04-27 18:50:37-Info]in isPost part
****************************************************************************************************
[2022-04-27 18:50:37-Info]Quantity = 0 and OldQuantity = 1
****************************************************************************************************
[2022-04-27 18:50:42-Info]in isPost part
****************************************************************************************************
[2022-04-27 18:50:42-Info]Quantity = 0 and OldQuantity = 1
****************************************************************************************************
[2022-04-27 18:50:53-Info]in isPost part
****************************************************************************************************
[2022-04-27 18:50:53-Info]Quantity = 3 and OldQuantity = 1
****************************************************************************************************
[2022-04-27 18:50:53-Info]QuantityChange complete = 1
****************************************************************************************************
[2022-04-27 18:54:31-Info]RETRY
****************************************************************************************************
[2022-04-27 18:54:31-Info]in isPost part
****************************************************************************************************
[2022-04-27 18:54:31-Info]Quantity = 0 and OldQuantity = 3
****************************************************************************************************
[2022-04-27 18:57:56-Info]RETRY
****************************************************************************************************
[2022-04-27 18:57:56-Info]in isPost part
****************************************************************************************************
[2022-04-27 18:57:56-Info]Quantity = 0 and OldQuantity = 3
****************************************************************************************************
[2022-04-27 18:58:41-Info]RETRY
****************************************************************************************************
[2022-04-27 18:58:41-Info]in isPost part
****************************************************************************************************
[2022-04-27 18:58:41-Info]Quantity = 1 and OldQuantity = 3
****************************************************************************************************
[2022-04-27 18:58:41-Info]QuantityChange complete = 1
****************************************************************************************************
[2022-04-27 19:05:23-Info]RETRY
****************************************************************************************************
[2022-04-27 19:05:23-Info]in isPost part
****************************************************************************************************
[2022-04-27 19:05:23-Info]Quantity = 0 and OldQuantity = 1
****************************************************************************************************
[2022-04-27 19:06:05-Info]RETRY
****************************************************************************************************
[2022-04-27 19:06:05-Info]in isPost part
****************************************************************************************************
[2022-04-27 19:06:05-Info]Quantity = 0 and OldQuantity = 1
****************************************************************************************************
[2022-04-27 19:06:05-Info]Start function delete
****************************************************************************************************
[2022-04-27 19:06:05-Info]return of delete function = 1
****************************************************************************************************
[2022-04-27 19:06:05-Info]after delete funtion: complete = 
****************************************************************************************************
[2022-04-27 19:06:57-Info]RETRY
****************************************************************************************************
[2022-04-27 19:06:57-Info]in isPost part
****************************************************************************************************
[2022-04-27 19:06:57-Info]Quantity = 3 and OldQuantity = 1
****************************************************************************************************
[2022-04-27 19:06:57-Info]QuantityChange complete = 1
****************************************************************************************************
[2022-04-27 19:07:09-Info]RETRY
****************************************************************************************************
[2022-04-27 19:07:09-Info]in isPost part
****************************************************************************************************
[2022-04-27 19:07:09-Info]Quantity = 0 and OldQuantity = 3
****************************************************************************************************
[2022-04-27 19:07:09-Info]Start function delete
****************************************************************************************************
[2022-04-27 19:07:09-Info]return of delete function = 1
****************************************************************************************************
[2022-04-27 19:07:09-Info]after delete funtion: complete = 
****************************************************************************************************
[2022-04-27 19:13:11-Info]RETRY
****************************************************************************************************
[2022-04-27 19:13:11-Info]in isPost part
****************************************************************************************************
[2022-04-27 19:13:11-Info]Quantity = 0 and OldQuantity = 1
****************************************************************************************************
[2022-04-27 19:13:11-Info]Start function delete
****************************************************************************************************
[2022-04-27 19:13:11-Info]return of delete function = 1
****************************************************************************************************
[2022-04-27 19:13:11-Info]after delete funtion: complete = 1
****************************************************************************************************
[2022-04-27 19:14:01-Info]RETRY
****************************************************************************************************
[2022-04-27 19:14:01-Info]in isPost part
****************************************************************************************************
[2022-04-27 19:14:01-Info]Quantity = 0 and OldQuantity = 1
****************************************************************************************************
[2022-04-27 19:14:01-Info]Start function delete
****************************************************************************************************
[2022-04-27 19:14:01-Info]return of delete function = 1
****************************************************************************************************
[2022-04-27 19:14:01-Info]after delete funtion: complete = 1
****************************************************************************************************
[2022-04-27 19:26:21-Failure]isloggedin: 
****************************************************************************************************
[2022-04-27 19:26:21-Failure]session userid after random: 612445224
****************************************************************************************************
[2022-04-27 19:30:23-Failure]isloggedin: 
****************************************************************************************************
[2022-04-27 19:30:23-Failure]session userid after random: 1648519019
****************************************************************************************************
[2022-04-27 20:24:35-Failure]isloggedin: 
****************************************************************************************************
[2022-04-27 20:24:35-Failure]session userid after random: 1554476965
****************************************************************************************************
