[2022-04-26 09:15:14-INFO]Startpage have been called
Array
(
    [actuellUserId] => 1195197769
    [productList] => Array
        (
            [0] => Array
                (
                    [id] => 1
                    [0] => 1
                    [title] => Hundefutter crunchy
                    [1] => Hundefutter crunchy
                    [description] => super chrunchy and tasty
                    [2] => super chrunchy and tasty
                    [price] => 499
                    [3] => 499
                    [slug] => Hundefutter-crunchy
                    [4] => Hundefutter-crunchy
                    [product_status] => Live
                    [5] => Live
                )

            [1] => Array
                (
                    [id] => 2
                    [0] => 2
                    [title] => Toiletpaper super soft
                    [1] => Toiletpaper super soft
                    [description] => super soft
                    [2] => super soft
                    [price] => 499
                    [3] => 499
                    [slug] => Toiletpaper-super-soft
                    [4] => Toiletpaper-super-soft
                    [product_status] => Live
                    [5] => Live
                )

            [2] => Array
                (
                    [id] => 3
                    [0] => 3
                    [title] => Ball bunt
                    [1] => Ball bunt
                    [description] => bunt
                    [2] => bunt
                    [price] => 249
                    [3] => 249
                    [slug] => Ball-bunt
                    [4] => Ball-bunt
                    [product_status] => Live
                    [5] => Live
                )

            [3] => Array
                (
                    [id] => 4
                    [0] => 4
                    [title] => Kaffeekanne chrome
                    [1] => Kaffeekanne chrome
                    [description] => stays warm for a long time
                    [2] => stays warm for a long time
                    [price] => 1499
                    [3] => 1499
                    [slug] => Kaffeekanne-chrome
                    [4] => Kaffeekanne-chrome
                    [product_status] => Reserved
                    [5] => Reserved
                )

            [4] => Array
                (
                    [id] => 8
                    [0] => 8
                    [title] => hhhh
                    [1] => hhhh
                    [description] => dfgfdjztktk
                    [2] => dfgfdjztktk
                    [price] => 1999
                    [3] => 1999
                    [slug] => hhh-aaa
                    [4] => hhh-aaa
                    [product_status] => Live
                    [5] => Live
                )

            [5] => Array
                (
                    [id] => 10
                    [0] => 10
                    [title] => testproduct
                    [1] => testproduct
                    [description] => super
                    [2] => super
                    [price] => 499
                    [3] => 499
                    [slug] => test-product
                    [4] => test-product
                    [product_status] => Live
                    [5] => Live
                )

            [6] => Array
                (
                    [id] => 22
                    [0] => 22
                    [title] => Toothpaste extra white
                    [1] => Toothpaste extra white
                    [description] => super
                    [2] => super
                    [price] => 249
                    [3] => 249
                    [slug] => Toothpaste-extra-white
                    [4] => Toothpaste-extra-white
                    [product_status] => Live
                    [5] => Live
                )

        )

)

****************************************************************************************************
