[2022-05-09 12:25:23-INFO]Start loggin in begin of actions/checkout
****************************************************************************************************
[2022-05-09 12:25:23-INFO]in part with deliveryAddressId: 23
****************************************************************************************************
[2022-05-09 12:25:23-INFO]Start logging BEVOR POST order AddressId: 23----------------sessionid: 23
****************************************************************************************************
[2022-05-09 12:25:28-INFO]Start loggin in begin of actions/checkout
****************************************************************************************************
[2022-05-09 12:25:28-INFO]from routeParts sessionid: 23
****************************************************************************************************
[2022-05-09 12:25:28-INFO]in part with deliveryAddressId: 23
****************************************************************************************************
[2022-05-09 12:25:28-INFO]Start logging BEVOR POST order AddressId: 23----------------sessionid: 23
****************************************************************************************************
[2022-05-09 12:25:30-INFO]Start loggin in begin of actions/checkout
****************************************************************************************************
[2022-05-09 12:25:30-INFO]in part with deliveryAddressId: 23
****************************************************************************************************
[2022-05-09 12:25:30-INFO]Start logging BEVOR POST order AddressId: 23----------------sessionid: 23
****************************************************************************************************
[2022-05-09 12:25:30-INFO]Start logging AFTER POST order AddressId: 23----------------sessionid: 23
****************************************************************************************************
[2022-05-09 12:25:30-INFO]Start logging BEVOR FUNCTION order AddressId: 23----------------
****************************************************************************************************
[2022-05-09 12:25:30-INFO]Delivery Id in function createOrder: 23
****************************************************************************************************
[2022-05-09 12:25:30-INFO]Start logging AFTER FUNCTION order AddressId: 23----------------
****************************************************************************************************
[2022-05-09 12:26:01-INFO]Start loggin in begin of actions/checkout
****************************************************************************************************
[2022-05-09 12:26:01-INFO]in part with deliveryAddressId: 23
****************************************************************************************************
[2022-05-09 12:26:01-INFO]Start logging BEVOR POST order AddressId: 23----------------sessionid: 23
****************************************************************************************************
[2022-05-09 12:26:04-INFO]Start loggin in begin of actions/checkout
****************************************************************************************************
[2022-05-09 12:26:04-INFO]from routeParts sessionid: 21
****************************************************************************************************
[2022-05-09 12:26:04-INFO]in part with deliveryAddressId: 21
****************************************************************************************************
[2022-05-09 12:26:04-INFO]Start logging BEVOR POST order AddressId: 21----------------sessionid: 21
****************************************************************************************************
[2022-05-09 12:26:05-INFO]Start loggin in begin of actions/checkout
****************************************************************************************************
[2022-05-09 12:26:05-INFO]in part with deliveryAddressId: 21
****************************************************************************************************
[2022-05-09 12:26:05-INFO]Start logging BEVOR POST order AddressId: 21----------------sessionid: 21
****************************************************************************************************
[2022-05-09 12:26:05-INFO]Start logging AFTER POST order AddressId: 21----------------sessionid: 21
****************************************************************************************************
[2022-05-09 12:26:05-INFO]Start logging BEVOR FUNCTION order AddressId: 21----------------
****************************************************************************************************
[2022-05-09 12:26:05-INFO]Delivery Id in function createOrder: 21
****************************************************************************************************
[2022-05-09 12:26:05-INFO]Start logging AFTER FUNCTION order AddressId: 21----------------
****************************************************************************************************
[2022-05-09 12:26:16-INFO]Start loggin in begin of actions/checkout
****************************************************************************************************
[2022-05-09 12:26:16-INFO]in part with deliveryAddressId: 21
****************************************************************************************************
[2022-05-09 12:26:16-INFO]Start logging BEVOR POST order AddressId: 21----------------sessionid: 21
****************************************************************************************************
[2022-05-09 12:26:18-INFO]Start loggin in begin of actions/checkout
****************************************************************************************************
[2022-05-09 12:26:18-INFO]in part with deliveryAddressId: 21
****************************************************************************************************
[2022-05-09 12:26:18-INFO]Start logging BEVOR POST order AddressId: 21----------------sessionid: 21
****************************************************************************************************
[2022-05-09 12:26:18-INFO]Start logging AFTER POST order AddressId: 21----------------sessionid: 21
****************************************************************************************************
[2022-05-09 12:26:18-INFO]Start logging BEVOR FUNCTION order AddressId: 21----------------
****************************************************************************************************
[2022-05-09 12:26:18-INFO]Delivery Id in function createOrder: 21
****************************************************************************************************
[2022-05-09 12:26:18-INFO]Start logging AFTER FUNCTION order AddressId: 21----------------
****************************************************************************************************
[2022-05-09 12:26:30-INFO]Start loggin in begin of actions/checkout
****************************************************************************************************
[2022-05-09 12:26:30-INFO]in part with deliveryAddressId: 21
****************************************************************************************************
[2022-05-09 12:26:30-INFO]Start logging BEVOR POST order AddressId: 21----------------sessionid: 21
****************************************************************************************************
[2022-05-09 12:26:32-INFO]Start loggin in begin of actions/checkout
****************************************************************************************************
[2022-05-09 12:26:32-INFO]from routeParts sessionid: 23
****************************************************************************************************
[2022-05-09 12:26:32-INFO]in part with deliveryAddressId: 23
****************************************************************************************************
[2022-05-09 12:26:32-INFO]Start logging BEVOR POST order AddressId: 23----------------sessionid: 23
****************************************************************************************************
[2022-05-09 12:26:34-INFO]Start loggin in begin of actions/checkout
****************************************************************************************************
[2022-05-09 12:26:34-INFO]in part with deliveryAddressId: 23
****************************************************************************************************
[2022-05-09 12:26:34-INFO]Start logging BEVOR POST order AddressId: 23----------------sessionid: 23
****************************************************************************************************
[2022-05-09 12:26:34-INFO]Start logging AFTER POST order AddressId: 23----------------sessionid: 23
****************************************************************************************************
[2022-05-09 12:26:34-INFO]Start logging BEVOR FUNCTION order AddressId: 23----------------
****************************************************************************************************
[2022-05-09 12:26:34-INFO]Delivery Id in function createOrder: 23
****************************************************************************************************
[2022-05-09 12:26:34-INFO]Start logging AFTER FUNCTION order AddressId: 23----------------
****************************************************************************************************
[2022-05-09 12:41:53-INFO]in part with deliveryAddressId: 23
****************************************************************************************************
[2022-05-09 12:41:54-INFO]in part with deliveryAddressId: 23
****************************************************************************************************
[2022-05-09 12:41:54-INFO]Delivery Id in function createOrder: 23
****************************************************************************************************
[2022-05-09 12:41:54-Info]return of delete function = 1
****************************************************************************************************
[2022-05-09 12:43:45-INFO]in part with deliveryAddressId: 23
****************************************************************************************************
[2022-05-09 12:43:47-INFO]in part with deliveryAddressId: 23
****************************************************************************************************
[2022-05-09 12:43:47-INFO]Delivery Id in function createOrder: 23
****************************************************************************************************
[2022-05-09 12:43:47-Info]return of delete function = 1
****************************************************************************************************
[2022-05-09 14:40:06-INFO]in part with deliveryAddressId: 23
****************************************************************************************************
[2022-05-09 18:22:18-INFO]in part with deliveryAddressId: 22
****************************************************************************************************
